ERROR 2018-02-26 13:11:13,970 (StunServiceImpl.java:155) an error occurred while performing a STUN discovery: ICMP Port Unreachable
java.net.PortUnreachableException: ICMP Port Unreachable
	at java.net.PlainDatagramSocketImpl.receive0(Native Method)
	at java.net.AbstractPlainDatagramSocketImpl.receive(AbstractPlainDatagramSocketImpl.java:143)
	at java.net.DatagramSocket.receive(DatagramSocket.java:812)
	at de.fu_berlin.inf.dpp.net.stun.internal.StunServiceImpl$StunDiscovery.performStunDiscovery(StunServiceImpl.java:284)
	at de.fu_berlin.inf.dpp.net.stun.internal.StunServiceImpl$StunDiscovery.run(StunServiceImpl.java:151)
	at java.lang.Thread.run(Thread.java:748)
ERROR 2018-02-26 13:12:43,581 (XMPPConnectionService.java:400)  new connection state == ERROR
Connection failed. No response from server.: 
	at org.jivesoftware.smack.PacketReader.startup(PacketReader.java:121)
	at org.jivesoftware.smack.XMPPConnection.initConnection(XMPPConnection.java:636)
	at org.jivesoftware.smack.XMPPConnection.connectUsingConfiguration(XMPPConnection.java:596)
	at org.jivesoftware.smack.XMPPConnection.connect(XMPPConnection.java:1010)
	at de.fu_berlin.inf.dpp.net.xmpp.XMPPConnectionService.connect(XMPPConnectionService.java:268)
	at de.fu_berlin.inf.dpp.communication.connection.ConnectionHandler.connectXMPPInternal(ConnectionHandler.java:332)
	at de.fu_berlin.inf.dpp.communication.connection.ConnectionHandler.connect(ConnectionHandler.java:190)
	at de.fu_berlin.inf.dpp.ui.wizards.AddXMPPAccountWizard$1.run(AddXMPPAccountWizard.java:125)
	at de.fu_berlin.inf.dpp.util.ThreadUtils$1.run(ThreadUtils.java:38)
	at java.lang.Thread.run(Thread.java:748)
ERROR 2018-02-26 13:15:21,344 (StunServiceImpl.java:155) an error occurred while performing a STUN discovery: ICMP Port Unreachable
java.net.PortUnreachableException: ICMP Port Unreachable
	at java.net.PlainDatagramSocketImpl.receive0(Native Method)
	at java.net.AbstractPlainDatagramSocketImpl.receive(AbstractPlainDatagramSocketImpl.java:143)
	at java.net.DatagramSocket.receive(DatagramSocket.java:812)
	at de.fu_berlin.inf.dpp.net.stun.internal.StunServiceImpl$StunDiscovery.performStunDiscovery(StunServiceImpl.java:284)
	at de.fu_berlin.inf.dpp.net.stun.internal.StunServiceImpl$StunDiscovery.run(StunServiceImpl.java:151)
	at java.lang.Thread.run(Thread.java:748)
ERROR 2018-02-26 13:16:47,783 (XMPPConnectionService.java:400)  new connection state == ERROR
Connection failed. No response from server.: 
	at org.jivesoftware.smack.PacketReader.startup(PacketReader.java:121)
	at org.jivesoftware.smack.XMPPConnection.initConnection(XMPPConnection.java:636)
	at org.jivesoftware.smack.XMPPConnection.connectUsingConfiguration(XMPPConnection.java:596)
	at org.jivesoftware.smack.XMPPConnection.connect(XMPPConnection.java:1010)
	at de.fu_berlin.inf.dpp.net.xmpp.XMPPConnectionService.connect(XMPPConnectionService.java:268)
	at de.fu_berlin.inf.dpp.communication.connection.ConnectionHandler.connectXMPPInternal(ConnectionHandler.java:332)
	at de.fu_berlin.inf.dpp.communication.connection.ConnectionHandler.connect(ConnectionHandler.java:190)
	at de.fu_berlin.inf.dpp.ui.eventhandler.ConnectingFailureHandler$3.run(ConnectingFailureHandler.java:96)
	at de.fu_berlin.inf.dpp.util.ThreadUtils$1.run(ThreadUtils.java:38)
	at java.lang.Thread.run(Thread.java:748)
ERROR 2018-02-26 13:18:43,561 (StunServiceImpl.java:155) an error occurred while performing a STUN discovery: ICMP Port Unreachable
java.net.PortUnreachableException: ICMP Port Unreachable
	at java.net.PlainDatagramSocketImpl.receive0(Native Method)
	at java.net.AbstractPlainDatagramSocketImpl.receive(AbstractPlainDatagramSocketImpl.java:143)
	at java.net.DatagramSocket.receive(DatagramSocket.java:812)
	at de.fu_berlin.inf.dpp.net.stun.internal.StunServiceImpl$StunDiscovery.performStunDiscovery(StunServiceImpl.java:284)
	at de.fu_berlin.inf.dpp.net.stun.internal.StunServiceImpl$StunDiscovery.run(StunServiceImpl.java:151)
	at java.lang.Thread.run(Thread.java:748)
ERROR 2018-02-26 13:20:13,001 (XMPPConnectionService.java:400)  new connection state == ERROR
Connection failed. No response from server.: 
	at org.jivesoftware.smack.PacketReader.startup(PacketReader.java:121)
	at org.jivesoftware.smack.XMPPConnection.initConnection(XMPPConnection.java:636)
	at org.jivesoftware.smack.XMPPConnection.connectUsingConfiguration(XMPPConnection.java:596)
	at org.jivesoftware.smack.XMPPConnection.connect(XMPPConnection.java:1010)
	at de.fu_berlin.inf.dpp.net.xmpp.XMPPConnectionService.connect(XMPPConnectionService.java:268)
	at de.fu_berlin.inf.dpp.communication.connection.ConnectionHandler.connectXMPPInternal(ConnectionHandler.java:332)
	at de.fu_berlin.inf.dpp.communication.connection.ConnectionHandler.connect(ConnectionHandler.java:190)
	at de.fu_berlin.inf.dpp.ui.eventhandler.ConnectingFailureHandler$3.run(ConnectingFailureHandler.java:96)
	at de.fu_berlin.inf.dpp.util.ThreadUtils$1.run(ThreadUtils.java:38)
	at java.lang.Thread.run(Thread.java:748)
ERROR 2018-02-26 13:38:38,051 (CreateXMPPAccountWizard.java:145) No response from server.
No response from server.: 
	at de.fu_berlin.inf.dpp.net.util.XMPPUtils.getRegistrationInfo(XMPPUtils.java:243)
	at de.fu_berlin.inf.dpp.net.util.XMPPUtils.createAccount(XMPPUtils.java:131)
	at de.fu_berlin.inf.dpp.ui.wizards.CreateXMPPAccountWizard$1.run(CreateXMPPAccountWizard.java:128)
	at org.eclipse.jface.operation.ModalContext$ModalContextThread.run(ModalContext.java:119)
ERROR 2018-02-26 13:39:52,536 (StunServiceImpl.java:155) an error occurred while performing a STUN discovery: ICMP Port Unreachable
java.net.PortUnreachableException: ICMP Port Unreachable
	at java.net.PlainDatagramSocketImpl.receive0(Native Method)
	at java.net.AbstractPlainDatagramSocketImpl.receive(AbstractPlainDatagramSocketImpl.java:143)
	at java.net.DatagramSocket.receive(DatagramSocket.java:812)
	at de.fu_berlin.inf.dpp.net.stun.internal.StunServiceImpl$StunDiscovery.performStunDiscovery(StunServiceImpl.java:284)
	at de.fu_berlin.inf.dpp.net.stun.internal.StunServiceImpl$StunDiscovery.run(StunServiceImpl.java:151)
	at java.lang.Thread.run(Thread.java:748)
ERROR 2018-02-26 13:41:22,474 (XMPPConnectionService.java:400)  new connection state == ERROR
Connection failed. No response from server.: 
	at org.jivesoftware.smack.PacketReader.startup(PacketReader.java:121)
	at org.jivesoftware.smack.XMPPConnection.initConnection(XMPPConnection.java:636)
	at org.jivesoftware.smack.XMPPConnection.connectUsingConfiguration(XMPPConnection.java:596)
	at org.jivesoftware.smack.XMPPConnection.connect(XMPPConnection.java:1010)
	at de.fu_berlin.inf.dpp.net.xmpp.XMPPConnectionService.connect(XMPPConnectionService.java:268)
	at de.fu_berlin.inf.dpp.communication.connection.ConnectionHandler.connectXMPPInternal(ConnectionHandler.java:332)
	at de.fu_berlin.inf.dpp.communication.connection.ConnectionHandler.connect(ConnectionHandler.java:190)
	at de.fu_berlin.inf.dpp.ui.actions.ChangeXMPPAccountAction$6.run(ChangeXMPPAccountAction.java:201)
	at de.fu_berlin.inf.dpp.util.ThreadUtils$1.run(ThreadUtils.java:38)
	at java.lang.Thread.run(Thread.java:748)
ERROR 2018-02-26 13:42:30,280 (StunServiceImpl.java:155) an error occurred while performing a STUN discovery: ICMP Port Unreachable
java.net.PortUnreachableException: ICMP Port Unreachable
	at java.net.PlainDatagramSocketImpl.receive0(Native Method)
	at java.net.AbstractPlainDatagramSocketImpl.receive(AbstractPlainDatagramSocketImpl.java:143)
	at java.net.DatagramSocket.receive(DatagramSocket.java:812)
	at de.fu_berlin.inf.dpp.net.stun.internal.StunServiceImpl$StunDiscovery.performStunDiscovery(StunServiceImpl.java:284)
	at de.fu_berlin.inf.dpp.net.stun.internal.StunServiceImpl$StunDiscovery.run(StunServiceImpl.java:151)
	at java.lang.Thread.run(Thread.java:748)
ERROR 2018-02-26 13:42:30,853 (SoundPlayer.java:64) could not access sound system
java.lang.IllegalStateException: Mixer is already open
	at org.classpath.icedtea.pulseaudio.PulseAudioMixer.openImpl(PulseAudioMixer.java:650)
	at org.classpath.icedtea.pulseaudio.PulseAudioMixer.openLocal(PulseAudioMixer.java:588)
	at org.classpath.icedtea.pulseaudio.PulseAudioMixer.openLocal(PulseAudioMixer.java:584)
	at org.classpath.icedtea.pulseaudio.PulseAudioMixer.open(PulseAudioMixer.java:579)
	at org.classpath.icedtea.pulseaudio.PulseAudioDataLine.open(PulseAudioDataLine.java:94)
	at org.classpath.icedtea.pulseaudio.PulseAudioSourceDataLine.open(PulseAudioSourceDataLine.java:75)
	at org.classpath.icedtea.pulseaudio.PulseAudioSourceDataLine.open(PulseAudioSourceDataLine.java:90)
	at de.fu_berlin.inf.dpp.misc.sound.SoundPlayer.playSound(SoundPlayer.java:57)
	at de.fu_berlin.inf.dpp.ui.sounds.SoundPlayer$1.run(SoundPlayer.java:43)
	at de.fu_berlin.inf.dpp.util.ThreadUtils$1.run(ThreadUtils.java:38)
	at java.lang.Thread.run(Thread.java:748)
WARN  2018-02-26 13:43:00,806 (DiscoveryManager.java:451) Service Discovery failed on recipient 2e3hbxxhv0fpg2o2iriyreumig@public.talk.google.com/messaging-lcsw_hangouts_DFB4E438 server: xmpp.l.google.com
No response from the server.: 
	at org.jivesoftware.smackx.ServiceDiscoveryManager.discoverInfo(ServiceDiscoveryManager.java:534)
	at org.jivesoftware.smackx.ServiceDiscoveryManager.discoverInfo(ServiceDiscoveryManager.java:489)
	at de.fu_berlin.inf.dpp.net.xmpp.discovery.DiscoveryManager.performServiceDiscovery(DiscoveryManager.java:448)
	at de.fu_berlin.inf.dpp.net.xmpp.discovery.DiscoveryManager.queryFeatureSupport(DiscoveryManager.java:380)
	at de.fu_berlin.inf.dpp.net.xmpp.discovery.DiscoveryManager.access$3(DiscoveryManager.java:347)
	at de.fu_berlin.inf.dpp.net.xmpp.discovery.DiscoveryManager$2.run(DiscoveryManager.java:326)
	at de.fu_berlin.inf.dpp.util.ThreadUtils$1.run(ThreadUtils.java:38)
	at java.util.concurrent.ThreadPoolExecutor.runWorker(ThreadPoolExecutor.java:1149)
	at java.util.concurrent.ThreadPoolExecutor$Worker.run(ThreadPoolExecutor.java:624)
	at java.lang.Thread.run(Thread.java:748)
WARN  2018-02-26 13:43:30,808 (DiscoveryManager.java:451) Service Discovery failed on recipient 30ayrvjpf9mpl2es554jha8hp4@public.talk.google.com/MessagingAC0DB16B07D server: xmpp.l.google.com
No response from the server.: 
	at org.jivesoftware.smackx.ServiceDiscoveryManager.discoverInfo(ServiceDiscoveryManager.java:534)
	at org.jivesoftware.smackx.ServiceDiscoveryManager.discoverInfo(ServiceDiscoveryManager.java:489)
	at de.fu_berlin.inf.dpp.net.xmpp.discovery.DiscoveryManager.performServiceDiscovery(DiscoveryManager.java:448)
	at de.fu_berlin.inf.dpp.net.xmpp.discovery.DiscoveryManager.queryFeatureSupport(DiscoveryManager.java:380)
	at de.fu_berlin.inf.dpp.net.xmpp.discovery.DiscoveryManager.access$3(DiscoveryManager.java:347)
	at de.fu_berlin.inf.dpp.net.xmpp.discovery.DiscoveryManager$2.run(DiscoveryManager.java:326)
	at de.fu_berlin.inf.dpp.util.ThreadUtils$1.run(ThreadUtils.java:38)
	at java.util.concurrent.ThreadPoolExecutor.runWorker(ThreadPoolExecutor.java:1149)
	at java.util.concurrent.ThreadPoolExecutor$Worker.run(ThreadPoolExecutor.java:624)
	at java.lang.Thread.run(Thread.java:748)
WARN  2018-02-26 13:46:12,040 (DiscoveryManager.java:451) Service Discovery failed on recipient 2e3hbxxhv0fpg2o2iriyreumig@public.talk.google.com/messaging-lcsw_hangouts_DFB4E438 server: xmpp.l.google.com
No response from the server.: 
	at org.jivesoftware.smackx.ServiceDiscoveryManager.discoverInfo(ServiceDiscoveryManager.java:534)
	at org.jivesoftware.smackx.ServiceDiscoveryManager.discoverInfo(ServiceDiscoveryManager.java:489)
	at de.fu_berlin.inf.dpp.net.xmpp.discovery.DiscoveryManager.performServiceDiscovery(DiscoveryManager.java:448)
	at de.fu_berlin.inf.dpp.net.xmpp.discovery.DiscoveryManager.queryFeatureSupport(DiscoveryManager.java:380)
	at de.fu_berlin.inf.dpp.net.xmpp.discovery.DiscoveryManager.access$3(DiscoveryManager.java:347)
	at de.fu_berlin.inf.dpp.net.xmpp.discovery.DiscoveryManager$2.run(DiscoveryManager.java:326)
	at de.fu_berlin.inf.dpp.util.ThreadUtils$1.run(ThreadUtils.java:38)
	at java.util.concurrent.ThreadPoolExecutor.runWorker(ThreadPoolExecutor.java:1149)
	at java.util.concurrent.ThreadPoolExecutor$Worker.run(ThreadPoolExecutor.java:624)
	at java.lang.Thread.run(Thread.java:748)
WARN  2018-02-26 13:56:48,740 (DiscoveryManager.java:451) Service Discovery failed on recipient 2e3hbxxhv0fpg2o2iriyreumig@public.talk.google.com/messaging-lcsw_hangouts_18B0EBB7 server: xmpp.l.google.com
No response from the server.: 
	at org.jivesoftware.smackx.ServiceDiscoveryManager.discoverInfo(ServiceDiscoveryManager.java:534)
	at org.jivesoftware.smackx.ServiceDiscoveryManager.discoverInfo(ServiceDiscoveryManager.java:489)
	at de.fu_berlin.inf.dpp.net.xmpp.discovery.DiscoveryManager.performServiceDiscovery(DiscoveryManager.java:448)
	at de.fu_berlin.inf.dpp.net.xmpp.discovery.DiscoveryManager.queryFeatureSupport(DiscoveryManager.java:380)
	at de.fu_berlin.inf.dpp.net.xmpp.discovery.DiscoveryManager.access$3(DiscoveryManager.java:347)
	at de.fu_berlin.inf.dpp.net.xmpp.discovery.DiscoveryManager$2.run(DiscoveryManager.java:326)
	at de.fu_berlin.inf.dpp.util.ThreadUtils$1.run(ThreadUtils.java:38)
	at java.util.concurrent.ThreadPoolExecutor.runWorker(ThreadPoolExecutor.java:1149)
	at java.util.concurrent.ThreadPoolExecutor$Worker.run(ThreadPoolExecutor.java:624)
	at java.lang.Thread.run(Thread.java:748)
WARN  2018-02-26 13:57:18,742 (DiscoveryManager.java:451) Service Discovery failed on recipient 2e3hbxxhv0fpg2o2iriyreumig@public.talk.google.com/messaging-lcsw_hangouts_18B0EBB7 server: xmpp.l.google.com
No response from the server.: 
	at org.jivesoftware.smackx.ServiceDiscoveryManager.discoverInfo(ServiceDiscoveryManager.java:534)
	at org.jivesoftware.smackx.ServiceDiscoveryManager.discoverInfo(ServiceDiscoveryManager.java:489)
	at de.fu_berlin.inf.dpp.net.xmpp.discovery.DiscoveryManager.performServiceDiscovery(DiscoveryManager.java:448)
	at de.fu_berlin.inf.dpp.net.xmpp.discovery.DiscoveryManager.queryFeatureSupport(DiscoveryManager.java:380)
	at de.fu_berlin.inf.dpp.net.xmpp.discovery.DiscoveryManager.access$3(DiscoveryManager.java:347)
	at de.fu_berlin.inf.dpp.net.xmpp.discovery.DiscoveryManager$2.run(DiscoveryManager.java:326)
	at de.fu_berlin.inf.dpp.util.ThreadUtils$1.run(ThreadUtils.java:38)
	at java.util.concurrent.ThreadPoolExecutor.runWorker(ThreadPoolExecutor.java:1149)
	at java.util.concurrent.ThreadPoolExecutor$Worker.run(ThreadPoolExecutor.java:624)
	at java.lang.Thread.run(Thread.java:748)
WARN  2018-02-26 13:57:48,745 (DiscoveryManager.java:451) Service Discovery failed on recipient 30ayrvjpf9mpl2es554jha8hp4@public.talk.google.com/MessagingAC0DB16B07D server: xmpp.l.google.com
No response from the server.: 
	at org.jivesoftware.smackx.ServiceDiscoveryManager.discoverInfo(ServiceDiscoveryManager.java:534)
	at org.jivesoftware.smackx.ServiceDiscoveryManager.discoverInfo(ServiceDiscoveryManager.java:489)
	at de.fu_berlin.inf.dpp.net.xmpp.discovery.DiscoveryManager.performServiceDiscovery(DiscoveryManager.java:448)
	at de.fu_berlin.inf.dpp.net.xmpp.discovery.DiscoveryManager.queryFeatureSupport(DiscoveryManager.java:380)
	at de.fu_berlin.inf.dpp.net.xmpp.discovery.DiscoveryManager.access$3(DiscoveryManager.java:347)
	at de.fu_berlin.inf.dpp.net.xmpp.discovery.DiscoveryManager$2.run(DiscoveryManager.java:326)
	at de.fu_berlin.inf.dpp.util.ThreadUtils$1.run(ThreadUtils.java:38)
	at java.util.concurrent.ThreadPoolExecutor.runWorker(ThreadPoolExecutor.java:1149)
	at java.util.concurrent.ThreadPoolExecutor$Worker.run(ThreadPoolExecutor.java:624)
	at java.lang.Thread.run(Thread.java:748)
WARN  2018-02-26 14:13:29,826 (DiscoveryManager.java:451) Service Discovery failed on recipient 2e3hbxxhv0fpg2o2iriyreumig@public.talk.google.com/messaging-lcsw_hangouts_DFB4E438 server: xmpp.l.google.com
No response from the server.: 
	at org.jivesoftware.smackx.ServiceDiscoveryManager.discoverInfo(ServiceDiscoveryManager.java:534)
	at org.jivesoftware.smackx.ServiceDiscoveryManager.discoverInfo(ServiceDiscoveryManager.java:489)
	at de.fu_berlin.inf.dpp.net.xmpp.discovery.DiscoveryManager.performServiceDiscovery(DiscoveryManager.java:448)
	at de.fu_berlin.inf.dpp.net.xmpp.discovery.DiscoveryManager.queryFeatureSupport(DiscoveryManager.java:380)
	at de.fu_berlin.inf.dpp.net.xmpp.discovery.DiscoveryManager.access$3(DiscoveryManager.java:347)
	at de.fu_berlin.inf.dpp.net.xmpp.discovery.DiscoveryManager$2.run(DiscoveryManager.java:326)
	at de.fu_berlin.inf.dpp.util.ThreadUtils$1.run(ThreadUtils.java:38)
	at java.util.concurrent.ThreadPoolExecutor.runWorker(ThreadPoolExecutor.java:1149)
	at java.util.concurrent.ThreadPoolExecutor$Worker.run(ThreadPoolExecutor.java:624)
	at java.lang.Thread.run(Thread.java:748)
