INFO  2018-02-26 11:57:40,473 (Saros.java:220) Starting Saros 14.10.31 running:
  Java Version: 1.8.0_151
  Java Vendor: Oracle Corporation
  Eclipse Runtime Version: 3.12.0.v20160606-1342
  Operating System: Linux (4.4.0-112-generic)
  Hardware Architecture: amd64
INFO  2018-02-26 11:57:40,490 (SarosContext.java:153) creating Saros runtime context...
INFO  2018-02-26 11:57:40,611 (SarosContext.java:199) successfully created Saros runtime context
DEBUG 2018-02-26 11:57:40,625 (DataTransferManager.java:467) used transport order for the current XMPP connection: [XMPP-Socks5-Transport, XMPP-IBB-Transport]
INFO  2018-02-26 11:57:40,643 (PreferenceInitializer.java:50) initializing preference default values
DEBUG 2018-02-26 11:57:40,671 (SarosAnnotation.java:117) resetting annotation colors
DEBUG 2018-02-26 11:57:40,676 (Saros.java:264) autogenerated favorite color id is: 1
INFO  2018-02-26 11:57:40,685 (XMPPAccountStore.java:106) loaded 0 accounts
DEBUG 2018-02-26 11:57:42,255 (SharedDocumentProvider.java:77) SharedDocumentProvider created by Eclipse
DEBUG 2018-02-26 11:57:44,546 (WhiteboardManager.java:194) WhiteboardManager instantiated
DEBUG 2018-02-26 11:57:44,559 (DocumentRecord.java:93) Added Node: attr(151967146455573483) name=svg
DEBUG 2018-02-26 13:11:13,482 (XMPPAccountStore.java:232) saved 1 account(s)
DEBUG 2018-02-26 13:11:13,555 (XMPPConnectionService.java:439) started Socks5 proxy on port: 7777 [listening on all interfaces]
DEBUG 2018-02-26 13:11:13,558 (XMPPConnectionService.java:459) using autodetected addresses: [155.101.8.176, fe80:0:0:0:d6ec:ad2c:9b9f:2c56%enp0s31f6, 2001:1948:414:8:0:0:0:103%enp0s31f6]
DEBUG 2018-02-26 13:11:13,565 (XMPPConnectionService.java:398)  new connection state == CONNECTING
ERROR 2018-02-26 13:11:13,970 (StunServiceImpl.java:155) an error occurred while performing a STUN discovery: ICMP Port Unreachable
java.net.PortUnreachableException: ICMP Port Unreachable
	at java.net.PlainDatagramSocketImpl.receive0(Native Method)
	at java.net.AbstractPlainDatagramSocketImpl.receive(AbstractPlainDatagramSocketImpl.java:143)
	at java.net.DatagramSocket.receive(DatagramSocket.java:812)
	at de.fu_berlin.inf.dpp.net.stun.internal.StunServiceImpl$StunDiscovery.performStunDiscovery(StunServiceImpl.java:284)
	at de.fu_berlin.inf.dpp.net.stun.internal.StunServiceImpl$StunDiscovery.run(StunServiceImpl.java:151)
	at java.lang.Thread.run(Thread.java:748)
DEBUG 2018-02-26 13:12:41,091 (CreateXMPPAccountWizard.java:135) Account creation succeeded: username=apabst, server=sneakyeagle
DEBUG 2018-02-26 13:12:41,108 (XMPPAccountStore.java:232) saved 2 account(s)
ERROR 2018-02-26 13:12:43,581 (XMPPConnectionService.java:400)  new connection state == ERROR
Connection failed. No response from server.: 
	at org.jivesoftware.smack.PacketReader.startup(PacketReader.java:121)
	at org.jivesoftware.smack.XMPPConnection.initConnection(XMPPConnection.java:636)
	at org.jivesoftware.smack.XMPPConnection.connectUsingConfiguration(XMPPConnection.java:596)
	at org.jivesoftware.smack.XMPPConnection.connect(XMPPConnection.java:1010)
	at de.fu_berlin.inf.dpp.net.xmpp.XMPPConnectionService.connect(XMPPConnectionService.java:268)
	at de.fu_berlin.inf.dpp.communication.connection.ConnectionHandler.connectXMPPInternal(ConnectionHandler.java:332)
	at de.fu_berlin.inf.dpp.communication.connection.ConnectionHandler.connect(ConnectionHandler.java:190)
	at de.fu_berlin.inf.dpp.ui.wizards.AddXMPPAccountWizard$1.run(AddXMPPAccountWizard.java:125)
	at de.fu_berlin.inf.dpp.util.ThreadUtils$1.run(ThreadUtils.java:38)
	at java.lang.Thread.run(Thread.java:748)
DEBUG 2018-02-26 13:12:43,593 (XMPPConnectionService.java:398)  new connection state == NOT_CONNECTED
DEBUG 2018-02-26 13:15:17,763 (XMPPAccountStore.java:232) saved 2 account(s)
DEBUG 2018-02-26 13:15:17,778 (XMPPConnectionService.java:439) started Socks5 proxy on port: 7777 [listening on all interfaces]
DEBUG 2018-02-26 13:15:17,779 (XMPPConnectionService.java:459) using autodetected addresses: [155.101.8.176, fe80:0:0:0:d6ec:ad2c:9b9f:2c56%enp0s31f6, 2001:1948:414:8:0:0:0:103%enp0s31f6]
DEBUG 2018-02-26 13:15:17,780 (XMPPConnectionService.java:398)  new connection state == CONNECTING
ERROR 2018-02-26 13:15:21,344 (StunServiceImpl.java:155) an error occurred while performing a STUN discovery: ICMP Port Unreachable
java.net.PortUnreachableException: ICMP Port Unreachable
	at java.net.PlainDatagramSocketImpl.receive0(Native Method)
	at java.net.AbstractPlainDatagramSocketImpl.receive(AbstractPlainDatagramSocketImpl.java:143)
	at java.net.DatagramSocket.receive(DatagramSocket.java:812)
	at de.fu_berlin.inf.dpp.net.stun.internal.StunServiceImpl$StunDiscovery.performStunDiscovery(StunServiceImpl.java:284)
	at de.fu_berlin.inf.dpp.net.stun.internal.StunServiceImpl$StunDiscovery.run(StunServiceImpl.java:151)
	at java.lang.Thread.run(Thread.java:748)
DEBUG 2018-02-26 13:15:56,967 (UPnPServiceImpl.java:225) performing gateways discovery
INFO  2018-02-26 13:16:05,980 (UPnPServiceImpl.java:237) discovered 0 gateway(s)
ERROR 2018-02-26 13:16:47,783 (XMPPConnectionService.java:400)  new connection state == ERROR
Connection failed. No response from server.: 
	at org.jivesoftware.smack.PacketReader.startup(PacketReader.java:121)
	at org.jivesoftware.smack.XMPPConnection.initConnection(XMPPConnection.java:636)
	at org.jivesoftware.smack.XMPPConnection.connectUsingConfiguration(XMPPConnection.java:596)
	at org.jivesoftware.smack.XMPPConnection.connect(XMPPConnection.java:1010)
	at de.fu_berlin.inf.dpp.net.xmpp.XMPPConnectionService.connect(XMPPConnectionService.java:268)
	at de.fu_berlin.inf.dpp.communication.connection.ConnectionHandler.connectXMPPInternal(ConnectionHandler.java:332)
	at de.fu_berlin.inf.dpp.communication.connection.ConnectionHandler.connect(ConnectionHandler.java:190)
	at de.fu_berlin.inf.dpp.ui.eventhandler.ConnectingFailureHandler$3.run(ConnectingFailureHandler.java:96)
	at de.fu_berlin.inf.dpp.util.ThreadUtils$1.run(ThreadUtils.java:38)
	at java.lang.Thread.run(Thread.java:748)
DEBUG 2018-02-26 13:16:47,786 (XMPPConnectionService.java:398)  new connection state == NOT_CONNECTED
DEBUG 2018-02-26 13:18:42,961 (XMPPAccountStore.java:232) saved 2 account(s)
DEBUG 2018-02-26 13:18:42,998 (XMPPConnectionService.java:439) started Socks5 proxy on port: 7777 [listening on all interfaces]
DEBUG 2018-02-26 13:18:42,998 (XMPPConnectionService.java:459) using autodetected addresses: [155.101.8.176, fe80:0:0:0:d6ec:ad2c:9b9f:2c56%enp0s31f6, 2001:1948:414:8:0:0:0:103%enp0s31f6]
DEBUG 2018-02-26 13:18:42,998 (XMPPConnectionService.java:398)  new connection state == CONNECTING
ERROR 2018-02-26 13:18:43,561 (StunServiceImpl.java:155) an error occurred while performing a STUN discovery: ICMP Port Unreachable
java.net.PortUnreachableException: ICMP Port Unreachable
	at java.net.PlainDatagramSocketImpl.receive0(Native Method)
	at java.net.AbstractPlainDatagramSocketImpl.receive(AbstractPlainDatagramSocketImpl.java:143)
	at java.net.DatagramSocket.receive(DatagramSocket.java:812)
	at de.fu_berlin.inf.dpp.net.stun.internal.StunServiceImpl$StunDiscovery.performStunDiscovery(StunServiceImpl.java:284)
	at de.fu_berlin.inf.dpp.net.stun.internal.StunServiceImpl$StunDiscovery.run(StunServiceImpl.java:151)
	at java.lang.Thread.run(Thread.java:748)
DEBUG 2018-02-26 13:19:01,301 (XMPPAccountStore.java:232) saved 1 account(s)
DEBUG 2018-02-26 13:19:40,688 (XMPPAccountStore.java:232) saved 1 account(s)
DEBUG 2018-02-26 13:19:57,376 (XMPPAccountStore.java:232) saved 2 account(s)
ERROR 2018-02-26 13:20:13,001 (XMPPConnectionService.java:400)  new connection state == ERROR
Connection failed. No response from server.: 
	at org.jivesoftware.smack.PacketReader.startup(PacketReader.java:121)
	at org.jivesoftware.smack.XMPPConnection.initConnection(XMPPConnection.java:636)
	at org.jivesoftware.smack.XMPPConnection.connectUsingConfiguration(XMPPConnection.java:596)
	at org.jivesoftware.smack.XMPPConnection.connect(XMPPConnection.java:1010)
	at de.fu_berlin.inf.dpp.net.xmpp.XMPPConnectionService.connect(XMPPConnectionService.java:268)
	at de.fu_berlin.inf.dpp.communication.connection.ConnectionHandler.connectXMPPInternal(ConnectionHandler.java:332)
	at de.fu_berlin.inf.dpp.communication.connection.ConnectionHandler.connect(ConnectionHandler.java:190)
	at de.fu_berlin.inf.dpp.ui.eventhandler.ConnectingFailureHandler$3.run(ConnectingFailureHandler.java:96)
	at de.fu_berlin.inf.dpp.util.ThreadUtils$1.run(ThreadUtils.java:38)
	at java.lang.Thread.run(Thread.java:748)
DEBUG 2018-02-26 13:20:13,003 (XMPPConnectionService.java:398)  new connection state == NOT_CONNECTED
DEBUG 2018-02-26 13:20:26,038 (XMPPAccountStore.java:232) saved 2 account(s)
DEBUG 2018-02-26 13:20:32,775 (XMPPAccountStore.java:232) saved 2 account(s)
DEBUG 2018-02-26 13:35:22,667 (XMPPAccountStore.java:232) saved 1 account(s)
DEBUG 2018-02-26 13:35:52,748 (XMPPAccountStore.java:232) saved 1 account(s)
ERROR 2018-02-26 13:38:38,051 (CreateXMPPAccountWizard.java:145) No response from server.
No response from server.: 
	at de.fu_berlin.inf.dpp.net.util.XMPPUtils.getRegistrationInfo(XMPPUtils.java:243)
	at de.fu_berlin.inf.dpp.net.util.XMPPUtils.createAccount(XMPPUtils.java:131)
	at de.fu_berlin.inf.dpp.ui.wizards.CreateXMPPAccountWizard$1.run(CreateXMPPAccountWizard.java:128)
	at org.eclipse.jface.operation.ModalContext$ModalContextThread.run(ModalContext.java:119)
DEBUG 2018-02-26 13:39:52,467 (XMPPAccountStore.java:232) saved 1 account(s)
DEBUG 2018-02-26 13:39:52,470 (XMPPConnectionService.java:439) started Socks5 proxy on port: 7777 [listening on all interfaces]
DEBUG 2018-02-26 13:39:52,471 (XMPPConnectionService.java:459) using autodetected addresses: [155.101.8.176, fe80:0:0:0:d6ec:ad2c:9b9f:2c56%enp0s31f6, 2001:1948:414:8:0:0:0:103%enp0s31f6]
DEBUG 2018-02-26 13:39:52,471 (XMPPConnectionService.java:398)  new connection state == CONNECTING
ERROR 2018-02-26 13:39:52,536 (StunServiceImpl.java:155) an error occurred while performing a STUN discovery: ICMP Port Unreachable
java.net.PortUnreachableException: ICMP Port Unreachable
	at java.net.PlainDatagramSocketImpl.receive0(Native Method)
	at java.net.AbstractPlainDatagramSocketImpl.receive(AbstractPlainDatagramSocketImpl.java:143)
	at java.net.DatagramSocket.receive(DatagramSocket.java:812)
	at de.fu_berlin.inf.dpp.net.stun.internal.StunServiceImpl$StunDiscovery.performStunDiscovery(StunServiceImpl.java:284)
	at de.fu_berlin.inf.dpp.net.stun.internal.StunServiceImpl$StunDiscovery.run(StunServiceImpl.java:151)
	at java.lang.Thread.run(Thread.java:748)
ERROR 2018-02-26 13:41:22,474 (XMPPConnectionService.java:400)  new connection state == ERROR
Connection failed. No response from server.: 
	at org.jivesoftware.smack.PacketReader.startup(PacketReader.java:121)
	at org.jivesoftware.smack.XMPPConnection.initConnection(XMPPConnection.java:636)
	at org.jivesoftware.smack.XMPPConnection.connectUsingConfiguration(XMPPConnection.java:596)
	at org.jivesoftware.smack.XMPPConnection.connect(XMPPConnection.java:1010)
	at de.fu_berlin.inf.dpp.net.xmpp.XMPPConnectionService.connect(XMPPConnectionService.java:268)
	at de.fu_berlin.inf.dpp.communication.connection.ConnectionHandler.connectXMPPInternal(ConnectionHandler.java:332)
	at de.fu_berlin.inf.dpp.communication.connection.ConnectionHandler.connect(ConnectionHandler.java:190)
	at de.fu_berlin.inf.dpp.ui.actions.ChangeXMPPAccountAction$6.run(ChangeXMPPAccountAction.java:201)
	at de.fu_berlin.inf.dpp.util.ThreadUtils$1.run(ThreadUtils.java:38)
	at java.lang.Thread.run(Thread.java:748)
DEBUG 2018-02-26 13:41:22,475 (XMPPConnectionService.java:398)  new connection state == NOT_CONNECTED
DEBUG 2018-02-26 13:42:29,514 (XMPPAccountStore.java:232) saved 1 account(s)
DEBUG 2018-02-26 13:42:29,715 (XMPPConnectionService.java:439) started Socks5 proxy on port: 7777 [listening on all interfaces]
DEBUG 2018-02-26 13:42:29,716 (XMPPConnectionService.java:459) using autodetected addresses: [155.101.8.176, fe80:0:0:0:d6ec:ad2c:9b9f:2c56%enp0s31f6, 2001:1948:414:8:0:0:0:103%enp0s31f6]
DEBUG 2018-02-26 13:42:29,717 (XMPPConnectionService.java:398)  new connection state == CONNECTING
ERROR 2018-02-26 13:42:30,280 (StunServiceImpl.java:155) an error occurred while performing a STUN discovery: ICMP Port Unreachable
java.net.PortUnreachableException: ICMP Port Unreachable
	at java.net.PlainDatagramSocketImpl.receive0(Native Method)
	at java.net.AbstractPlainDatagramSocketImpl.receive(AbstractPlainDatagramSocketImpl.java:143)
	at java.net.DatagramSocket.receive(DatagramSocket.java:812)
	at de.fu_berlin.inf.dpp.net.stun.internal.StunServiceImpl$StunDiscovery.performStunDiscovery(StunServiceImpl.java:284)
	at de.fu_berlin.inf.dpp.net.stun.internal.StunServiceImpl$StunDiscovery.run(StunServiceImpl.java:151)
	at java.lang.Thread.run(Thread.java:748)
DEBUG 2018-02-26 13:42:30,642 (XMPPConnectionService.java:398) pabstaaron@gmail.com/Saros500723C1 new connection state == CONNECTED
DEBUG 2018-02-26 13:42:30,642 (DataTransferManager.java:467) used transport order for the current XMPP connection: [XMPP-Socks5-Transport, XMPP-IBB-Transport]
DEBUG 2018-02-26 13:42:30,643 (SkypeManager.java:289) Refreshing Skype username cache...
ERROR 2018-02-26 13:42:30,853 (SoundPlayer.java:64) could not access sound system
java.lang.IllegalStateException: Mixer is already open
	at org.classpath.icedtea.pulseaudio.PulseAudioMixer.openImpl(PulseAudioMixer.java:650)
	at org.classpath.icedtea.pulseaudio.PulseAudioMixer.openLocal(PulseAudioMixer.java:588)
	at org.classpath.icedtea.pulseaudio.PulseAudioMixer.openLocal(PulseAudioMixer.java:584)
	at org.classpath.icedtea.pulseaudio.PulseAudioMixer.open(PulseAudioMixer.java:579)
	at org.classpath.icedtea.pulseaudio.PulseAudioDataLine.open(PulseAudioDataLine.java:94)
	at org.classpath.icedtea.pulseaudio.PulseAudioSourceDataLine.open(PulseAudioSourceDataLine.java:75)
	at org.classpath.icedtea.pulseaudio.PulseAudioSourceDataLine.open(PulseAudioSourceDataLine.java:90)
	at de.fu_berlin.inf.dpp.misc.sound.SoundPlayer.playSound(SoundPlayer.java:57)
	at de.fu_berlin.inf.dpp.ui.sounds.SoundPlayer$1.run(SoundPlayer.java:43)
	at de.fu_berlin.inf.dpp.util.ThreadUtils$1.run(ThreadUtils.java:38)
	at java.lang.Thread.run(Thread.java:748)
WARN  2018-02-26 13:43:00,806 (DiscoveryManager.java:451) Service Discovery failed on recipient 2e3hbxxhv0fpg2o2iriyreumig@public.talk.google.com/messaging-lcsw_hangouts_DFB4E438 server: xmpp.l.google.com
No response from the server.: 
	at org.jivesoftware.smackx.ServiceDiscoveryManager.discoverInfo(ServiceDiscoveryManager.java:534)
	at org.jivesoftware.smackx.ServiceDiscoveryManager.discoverInfo(ServiceDiscoveryManager.java:489)
	at de.fu_berlin.inf.dpp.net.xmpp.discovery.DiscoveryManager.performServiceDiscovery(DiscoveryManager.java:448)
	at de.fu_berlin.inf.dpp.net.xmpp.discovery.DiscoveryManager.queryFeatureSupport(DiscoveryManager.java:380)
	at de.fu_berlin.inf.dpp.net.xmpp.discovery.DiscoveryManager.access$3(DiscoveryManager.java:347)
	at de.fu_berlin.inf.dpp.net.xmpp.discovery.DiscoveryManager$2.run(DiscoveryManager.java:326)
	at de.fu_berlin.inf.dpp.util.ThreadUtils$1.run(ThreadUtils.java:38)
	at java.util.concurrent.ThreadPoolExecutor.runWorker(ThreadPoolExecutor.java:1149)
	at java.util.concurrent.ThreadPoolExecutor$Worker.run(ThreadPoolExecutor.java:624)
	at java.lang.Thread.run(Thread.java:748)
WARN  2018-02-26 13:43:30,808 (DiscoveryManager.java:451) Service Discovery failed on recipient 30ayrvjpf9mpl2es554jha8hp4@public.talk.google.com/MessagingAC0DB16B07D server: xmpp.l.google.com
No response from the server.: 
	at org.jivesoftware.smackx.ServiceDiscoveryManager.discoverInfo(ServiceDiscoveryManager.java:534)
	at org.jivesoftware.smackx.ServiceDiscoveryManager.discoverInfo(ServiceDiscoveryManager.java:489)
	at de.fu_berlin.inf.dpp.net.xmpp.discovery.DiscoveryManager.performServiceDiscovery(DiscoveryManager.java:448)
	at de.fu_berlin.inf.dpp.net.xmpp.discovery.DiscoveryManager.queryFeatureSupport(DiscoveryManager.java:380)
	at de.fu_berlin.inf.dpp.net.xmpp.discovery.DiscoveryManager.access$3(DiscoveryManager.java:347)
	at de.fu_berlin.inf.dpp.net.xmpp.discovery.DiscoveryManager$2.run(DiscoveryManager.java:326)
	at de.fu_berlin.inf.dpp.util.ThreadUtils$1.run(ThreadUtils.java:38)
	at java.util.concurrent.ThreadPoolExecutor.runWorker(ThreadPoolExecutor.java:1149)
	at java.util.concurrent.ThreadPoolExecutor$Worker.run(ThreadPoolExecutor.java:624)
	at java.lang.Thread.run(Thread.java:748)
WARN  2018-02-26 13:46:12,040 (DiscoveryManager.java:451) Service Discovery failed on recipient 2e3hbxxhv0fpg2o2iriyreumig@public.talk.google.com/messaging-lcsw_hangouts_DFB4E438 server: xmpp.l.google.com
No response from the server.: 
	at org.jivesoftware.smackx.ServiceDiscoveryManager.discoverInfo(ServiceDiscoveryManager.java:534)
	at org.jivesoftware.smackx.ServiceDiscoveryManager.discoverInfo(ServiceDiscoveryManager.java:489)
	at de.fu_berlin.inf.dpp.net.xmpp.discovery.DiscoveryManager.performServiceDiscovery(DiscoveryManager.java:448)
	at de.fu_berlin.inf.dpp.net.xmpp.discovery.DiscoveryManager.queryFeatureSupport(DiscoveryManager.java:380)
	at de.fu_berlin.inf.dpp.net.xmpp.discovery.DiscoveryManager.access$3(DiscoveryManager.java:347)
	at de.fu_berlin.inf.dpp.net.xmpp.discovery.DiscoveryManager$2.run(DiscoveryManager.java:326)
	at de.fu_berlin.inf.dpp.util.ThreadUtils$1.run(ThreadUtils.java:38)
	at java.util.concurrent.ThreadPoolExecutor.runWorker(ThreadPoolExecutor.java:1149)
	at java.util.concurrent.ThreadPoolExecutor$Worker.run(ThreadPoolExecutor.java:624)
	at java.lang.Thread.run(Thread.java:748)
DEBUG 2018-02-26 13:56:34,745 (SubscriptionHandler.java:156) contact unsubscribed from us: 0n6b3x2zlak7f1ni0753leirkd@public.talk.google.com
DEBUG 2018-02-26 13:56:40,526 (DiscoveryManager.java:101) clearing cache entry of contact 30ayrvjpf9mpl2es554jha8hp4@public.talk.google.com/MessagingAC0DB16B07D but cache entry is empty (a discovery is still running or the last one failed)
DEBUG 2018-02-26 13:56:40,527 (SubscriptionHandler.java:156) contact unsubscribed from us: 30ayrvjpf9mpl2es554jha8hp4@public.talk.google.com
WARN  2018-02-26 13:56:48,740 (DiscoveryManager.java:451) Service Discovery failed on recipient 2e3hbxxhv0fpg2o2iriyreumig@public.talk.google.com/messaging-lcsw_hangouts_18B0EBB7 server: xmpp.l.google.com
No response from the server.: 
	at org.jivesoftware.smackx.ServiceDiscoveryManager.discoverInfo(ServiceDiscoveryManager.java:534)
	at org.jivesoftware.smackx.ServiceDiscoveryManager.discoverInfo(ServiceDiscoveryManager.java:489)
	at de.fu_berlin.inf.dpp.net.xmpp.discovery.DiscoveryManager.performServiceDiscovery(DiscoveryManager.java:448)
	at de.fu_berlin.inf.dpp.net.xmpp.discovery.DiscoveryManager.queryFeatureSupport(DiscoveryManager.java:380)
	at de.fu_berlin.inf.dpp.net.xmpp.discovery.DiscoveryManager.access$3(DiscoveryManager.java:347)
	at de.fu_berlin.inf.dpp.net.xmpp.discovery.DiscoveryManager$2.run(DiscoveryManager.java:326)
	at de.fu_berlin.inf.dpp.util.ThreadUtils$1.run(ThreadUtils.java:38)
	at java.util.concurrent.ThreadPoolExecutor.runWorker(ThreadPoolExecutor.java:1149)
	at java.util.concurrent.ThreadPoolExecutor$Worker.run(ThreadPoolExecutor.java:624)
	at java.lang.Thread.run(Thread.java:748)
DEBUG 2018-02-26 13:56:49,603 (SubscriptionHandler.java:156) contact unsubscribed from us: 2bvdiizqtqkt42her1m9ycqklp@public.talk.google.com
WARN  2018-02-26 13:57:18,742 (DiscoveryManager.java:451) Service Discovery failed on recipient 2e3hbxxhv0fpg2o2iriyreumig@public.talk.google.com/messaging-lcsw_hangouts_18B0EBB7 server: xmpp.l.google.com
No response from the server.: 
	at org.jivesoftware.smackx.ServiceDiscoveryManager.discoverInfo(ServiceDiscoveryManager.java:534)
	at org.jivesoftware.smackx.ServiceDiscoveryManager.discoverInfo(ServiceDiscoveryManager.java:489)
	at de.fu_berlin.inf.dpp.net.xmpp.discovery.DiscoveryManager.performServiceDiscovery(DiscoveryManager.java:448)
	at de.fu_berlin.inf.dpp.net.xmpp.discovery.DiscoveryManager.queryFeatureSupport(DiscoveryManager.java:380)
	at de.fu_berlin.inf.dpp.net.xmpp.discovery.DiscoveryManager.access$3(DiscoveryManager.java:347)
	at de.fu_berlin.inf.dpp.net.xmpp.discovery.DiscoveryManager$2.run(DiscoveryManager.java:326)
	at de.fu_berlin.inf.dpp.util.ThreadUtils$1.run(ThreadUtils.java:38)
	at java.util.concurrent.ThreadPoolExecutor.runWorker(ThreadPoolExecutor.java:1149)
	at java.util.concurrent.ThreadPoolExecutor$Worker.run(ThreadPoolExecutor.java:624)
	at java.lang.Thread.run(Thread.java:748)
WARN  2018-02-26 13:57:48,745 (DiscoveryManager.java:451) Service Discovery failed on recipient 30ayrvjpf9mpl2es554jha8hp4@public.talk.google.com/MessagingAC0DB16B07D server: xmpp.l.google.com
No response from the server.: 
	at org.jivesoftware.smackx.ServiceDiscoveryManager.discoverInfo(ServiceDiscoveryManager.java:534)
	at org.jivesoftware.smackx.ServiceDiscoveryManager.discoverInfo(ServiceDiscoveryManager.java:489)
	at de.fu_berlin.inf.dpp.net.xmpp.discovery.DiscoveryManager.performServiceDiscovery(DiscoveryManager.java:448)
	at de.fu_berlin.inf.dpp.net.xmpp.discovery.DiscoveryManager.queryFeatureSupport(DiscoveryManager.java:380)
	at de.fu_berlin.inf.dpp.net.xmpp.discovery.DiscoveryManager.access$3(DiscoveryManager.java:347)
	at de.fu_berlin.inf.dpp.net.xmpp.discovery.DiscoveryManager$2.run(DiscoveryManager.java:326)
	at de.fu_berlin.inf.dpp.util.ThreadUtils$1.run(ThreadUtils.java:38)
	at java.util.concurrent.ThreadPoolExecutor.runWorker(ThreadPoolExecutor.java:1149)
	at java.util.concurrent.ThreadPoolExecutor$Worker.run(ThreadPoolExecutor.java:624)
	at java.lang.Thread.run(Thread.java:748)
DEBUG 2018-02-26 14:12:59,822 (XMPPConnectionService.java:398) pabstaaron@gmail.com/Saros500723C1 new connection state == DISCONNECTING
DEBUG 2018-02-26 14:12:59,977 (XMPPConnectionService.java:398)  new connection state == NOT_CONNECTED
WARN  2018-02-26 14:13:29,826 (DiscoveryManager.java:451) Service Discovery failed on recipient 2e3hbxxhv0fpg2o2iriyreumig@public.talk.google.com/messaging-lcsw_hangouts_DFB4E438 server: xmpp.l.google.com
No response from the server.: 
	at org.jivesoftware.smackx.ServiceDiscoveryManager.discoverInfo(ServiceDiscoveryManager.java:534)
	at org.jivesoftware.smackx.ServiceDiscoveryManager.discoverInfo(ServiceDiscoveryManager.java:489)
	at de.fu_berlin.inf.dpp.net.xmpp.discovery.DiscoveryManager.performServiceDiscovery(DiscoveryManager.java:448)
	at de.fu_berlin.inf.dpp.net.xmpp.discovery.DiscoveryManager.queryFeatureSupport(DiscoveryManager.java:380)
	at de.fu_berlin.inf.dpp.net.xmpp.discovery.DiscoveryManager.access$3(DiscoveryManager.java:347)
	at de.fu_berlin.inf.dpp.net.xmpp.discovery.DiscoveryManager$2.run(DiscoveryManager.java:326)
	at de.fu_berlin.inf.dpp.util.ThreadUtils$1.run(ThreadUtils.java:38)
	at java.util.concurrent.ThreadPoolExecutor.runWorker(ThreadPoolExecutor.java:1149)
	at java.util.concurrent.ThreadPoolExecutor$Worker.run(ThreadPoolExecutor.java:624)
	at java.lang.Thread.run(Thread.java:748)
